<?xml version="1.0" encoding="UTF-8"?>
<!-- Generated by org.testng.reporters.JUnitReportReporter -->
<testsuite hostname="DESKTOP-BK18PU9" failures="0" tests="2" name="com.adarsh.tests.PlaceOrder" time="48.761" errors="0" timestamp="2024-05-24T11:15:51 IST" skipped="0">
  <testcase classname="com.adarsh.tests.PlaceOrder" name="viewOrderHistory" time="34.695"/>
  <system-out/>
  <testcase classname="com.adarsh.tests.PlaceOrder" name="purchaseOrder" time="14.066"/>
  <system-out/>
</testsuite> <!-- com.adarsh.tests.PlaceOrder -->
