<?xml version="1.0" encoding="UTF-8"?>
<!-- Generated by org.testng.reporters.JUnitReportReporter -->
<testsuite hostname="DESKTOP-BK18PU9" failures="0" tests="1" name="com.adarsh.cucumber.RunCucumberTest" time="14.533" errors="0" timestamp="2024-05-26T15:39:41 IST" skipped="0">
  <testcase classname="com.adarsh.cucumber.RunCucumberTest" name="runScenario" time="14.533"/>
</testsuite> <!-- com.adarsh.cucumber.RunCucumberTest -->
