<?xml version="1.0" encoding="UTF-8"?>
<!-- Generated by org.testng.reporters.JUnitReportReporter -->
<testsuite hostname="DESKTOP-BK18PU9" failures="0" tests="2" name="com.adarsh.tests.PlaceOrder" time="33.720" errors="0" timestamp="2024-05-26T14:51:21 IST" skipped="0">
  <testcase classname="com.adarsh.tests.PlaceOrder" name="viewOrderHistory" time="16.869"/>
  <testcase classname="com.adarsh.tests.PlaceOrder" name="purchaseOrder" time="16.851"/>
</testsuite> <!-- com.adarsh.tests.PlaceOrder -->
